{
    "google": [
        [
            "06.06.2025 13:34:30",
            2
        ],
        [
            "06.06.2025 13:34:45",
            4
        ],
        [
            "06.06.2025 13:35:00",
            2
        ],
        [
            "06.06.2025 13:35:15",
            3
        ],
        [
            "06.06.2025 13:35:30",
            1
        ],
        [
            "06.06.2025 13:35:45",
            2
        ],
        [
            "06.06.2025 13:36:00",
            2
        ],
        [
            "06.06.2025 13:36:15",
            2
        ],
        [
            "06.06.2025 13:36:30",
            1
        ],
        [
            "06.06.2025 13:36:45",
            1
        ],
        [
            "06.06.2025 13:37:00",
            2
        ],
        [
            "06.06.2025 14:39:28",
            2
        ],
        [
            "06.06.2025 14:39:43",
            2
        ],
        [
            "06.06.2025 14:39:58",
            2
        ],
        [
            "06.06.2025 14:40:13",
            2
        ],
        [
            "06.06.2025 14:40:28",
            2
        ],
        [
            "06.06.2025 14:43:18",
            1
        ],
        [
            "06.06.2025 14:43:33",
            2
        ],
        [
            "06.06.2025 14:43:48",
            2
        ],
        [
            "06.06.2025 14:44:03",
            2
        ],
        [
            "06.06.2025 14:44:18",
            2
        ],
        [
            "06.06.2025 14:44:33",
            1
        ],
        [
            "06.06.2025 14:44:48",
            3
        ],
        [
            "06.06.2025 14:45:03",
            2
        ],
        [
            "06.06.2025 14:45:18",
            1
        ],
        [
            "06.06.2025 14:45:33",
            3
        ],
        [
            "06.06.2025 14:45:48",
            1
        ],
        [
            "06.06.2025 14:48:49",
            2
        ],
        [
            "06.06.2025 14:48:59",
            1
        ],
        [
            "06.06.2025 14:49:04",
            2
        ],
        [
            "06.06.2025 14:49:19",
            2
        ],
        [
            "06.06.2025 14:49:34",
            2
        ],
        [
            "06.06.2025 14:49:49",
            2
        ],
        [
            "06.06.2025 14:50:04",
            2
        ],
        [
            "06.06.2025 14:50:35",
            2
        ],
        [
            "06.06.2025 14:50:45",
            1
        ],
        [
            "06.06.2025 14:50:50",
            2
        ]
    ],
    "ftp": [
        [
            "06.06.2025 13:34:30",
            -1
        ],
        [
            "06.06.2025 14:43:18",
            1
        ],
        [
            "06.06.2025 14:43:33",
            1
        ],
        [
            "06.06.2025 14:43:48",
            1
        ],
        [
            "06.06.2025 14:44:03",
            1
        ],
        [
            "06.06.2025 14:44:18",
            1
        ],
        [
            "06.06.2025 14:44:33",
            1
        ],
        [
            "06.06.2025 14:44:48",
            1
        ],
        [
            "06.06.2025 14:45:03",
            1
        ],
        [
            "06.06.2025 14:45:18",
            1
        ],
        [
            "06.06.2025 14:45:33",
            1
        ],
        [
            "06.06.2025 14:45:48",
            1
        ],
        [
            "06.06.2025 14:48:49",
            1
        ],
        [
            "06.06.2025 14:49:04",
            1
        ],
        [
            "06.06.2025 14:49:19",
            1
        ],
        [
            "06.06.2025 14:49:34",
            1
        ],
        [
            "06.06.2025 14:49:49",
            1
        ],
        [
            "06.06.2025 14:50:04",
            1
        ],
        [
            "06.06.2025 14:50:35",
            1
        ],
        [
            "06.06.2025 14:50:50",
            1
        ]
    ],
    "google_com": {
        "logs": [
            [
                "07.06.2025 13:10:08",
                17
            ]
        ],
        "lazy_counter": 6
    },
    "facebook": {
        "logs": [
            [
                "09.06.2025 18:16:24",
                -1
            ]
        ],
        "lazy_counter": 6
    },
    "srv_dc02": {
        "logs": [
            [
                "10.06.2025 13:17:10",
                1
            ]
        ],
        "lazy_counter": 4
    },
    "srv_prn01": {
        "logs": [
            [
                "10.06.2025 13:22:30",
                1
            ]
        ],
        "lazy_counter": 4
    }
}